Verified existence of local and remote repos: Success
/local/mnt/workspace/automerge/actions-runner/_work/kernel-automation/kernel-automation/kernel-topics /local/mnt/workspace/automerge/actions-runner/_work/kernel-automation/kernel-automation/kernel-topics
Reuse-Recorded-Resolution: Enabled
Downloaded shared rerere cache
Local tree is clean
Removing old remotes ...
The remote origin https://github.com/qualcomm-linux/kernel-topics.git is no longer tracked.
Delete it [Y/n]? Done, removed 1 old remote(s).
Adding new remotes...
Adding remote baseline https://github.com/qualcomm-linux/kernel.git qcom-next-staging
Updating baseline
Adding remote tech/bsp/clk https://github.com/qualcomm-linux/kernel-topics.git tech/bsp/clk
Updating tech/bsp/clk
Adding remote tech/bsp/interconnect https://github.com/qualcomm-linux/kernel-topics.git tech/bsp/interconnect
Updating tech/bsp/interconnect
Adding remote tech/mem/secure-buffer https://github.com/qualcomm-linux/kernel-topics.git tech/mem/secure-buffer
Updating tech/mem/secure-buffer
Adding remote tech/security/firmware-smc https://github.com/qualcomm-linux/kernel-topics.git tech/security/firmware-smc
Updating tech/security/firmware-smc
Adding remote tech/bsp/soc-infra https://github.com/qualcomm-linux/kernel-topics.git tech/bsp/soc-infra
Updating tech/bsp/soc-infra
Adding remote tech/debug/soc https://github.com/qualcomm-linux/kernel-topics.git tech/debug/soc
Updating tech/debug/soc
Adding remote tech/bsp/pinctrl https://github.com/qualcomm-linux/kernel-topics.git tech/bsp/pinctrl
Updating tech/bsp/pinctrl
Adding remote tech/bsp/remoteproc https://github.com/qualcomm-linux/kernel-topics.git tech/bsp/remoteproc
Updating tech/bsp/remoteproc
Adding remote tech/bus/peripherals https://github.com/qualcomm-linux/kernel-topics.git tech/bus/peripherals
Updating tech/bus/peripherals
Adding remote tech/bus/pci/all https://github.com/qualcomm-linux/kernel-topics.git tech/bus/pci/all
Updating tech/bus/pci/all
Adding remote tech/bus/pci/mhi https://github.com/qualcomm-linux/kernel-topics.git tech/bus/pci/mhi
Updating tech/bus/pci/mhi
Adding remote tech/bus/pci/phy https://github.com/qualcomm-linux/kernel-topics.git tech/bus/pci/phy
Updating tech/bus/pci/phy
Adding remote tech/bus/pci/pwrctl https://github.com/qualcomm-linux/kernel-topics.git tech/bus/pci/pwrctl
Updating tech/bus/pci/pwrctl
Adding remote tech/bus/usb/dwc https://github.com/qualcomm-linux/kernel-topics.git tech/bus/usb/dwc
Updating tech/bus/usb/dwc
Adding remote tech/bus/usb/gadget https://github.com/qualcomm-linux/kernel-topics.git tech/bus/usb/gadget
Updating tech/bus/usb/gadget
Adding remote tech/bus/usb/phy https://github.com/qualcomm-linux/kernel-topics.git tech/bus/usb/phy
Updating tech/bus/usb/phy
Adding remote tech/debug/eud https://github.com/qualcomm-linux/kernel-topics.git tech/debug/eud
Updating tech/debug/eud
Adding remote tech/debug/hwtracing https://github.com/qualcomm-linux/kernel-topics.git tech/debug/hwtracing
Updating tech/debug/hwtracing
Adding remote tech/debug/rdbg https://github.com/qualcomm-linux/kernel-topics.git tech/debug/rdbg
Updating tech/debug/rdbg
Adding remote tech/pmic/backlight https://github.com/qualcomm-linux/kernel-topics.git tech/pmic/backlight
Updating tech/pmic/backlight
Adding remote tech/pmic/mfd https://github.com/qualcomm-linux/kernel-topics.git tech/pmic/mfd
Updating tech/pmic/mfd
Adding remote tech/pmic/misc https://github.com/qualcomm-linux/kernel-topics.git tech/pmic/misc
Updating tech/pmic/misc
Adding remote tech/pmic/regulator https://github.com/qualcomm-linux/kernel-topics.git tech/pmic/regulator
Updating tech/pmic/regulator
Adding remote tech/pmic/supply https://github.com/qualcomm-linux/kernel-topics.git tech/pmic/supply
Updating tech/pmic/supply
Adding remote tech/mem/dma-buf https://github.com/qualcomm-linux/kernel-topics.git tech/mem/dma-buf
Updating tech/mem/dma-buf
Adding remote tech/mem/iommu https://github.com/qualcomm-linux/kernel-topics.git tech/mem/iommu
Updating tech/mem/iommu
Adding remote tech/mm/audio/all https://github.com/qualcomm-linux/kernel-topics.git tech/mm/audio/all
Updating tech/mm/audio/all
Adding remote tech/mm/audio/soundwire https://github.com/qualcomm-linux/kernel-topics.git tech/mm/audio/soundwire
Updating tech/mm/audio/soundwire
Adding remote tech/mm/camss https://github.com/qualcomm-linux/kernel-topics.git tech/mm/camss
Updating tech/mm/camss
Adding remote tech/mm/drm https://github.com/qualcomm-linux/kernel-topics.git tech/mm/drm
Updating tech/mm/drm
Adding remote tech/mm/fastrpc https://github.com/qualcomm-linux/kernel-topics.git tech/mm/fastrpc
Updating tech/mm/fastrpc
Adding remote tech/mm/phy https://github.com/qualcomm-linux/kernel-topics.git tech/mm/phy
Updating tech/mm/phy
Adding remote tech/mm/video https://github.com/qualcomm-linux/kernel-topics.git tech/mm/video
Updating tech/mm/video
Adding remote tech/mm/gpu https://github.com/qualcomm-linux/kernel-topics.git tech/mm/gpu
Updating tech/mm/gpu
Adding remote tech/mproc/rpmsg https://github.com/qualcomm-linux/kernel-topics.git tech/mproc/rpmsg
Updating tech/mproc/rpmsg
Adding remote tech/mproc/qmi https://github.com/qualcomm-linux/kernel-topics.git tech/mproc/qmi
Updating tech/mproc/qmi
Adding remote tech/net/ath https://github.com/qualcomm-linux/kernel-topics.git tech/net/ath
Updating tech/net/ath
Adding remote tech/net/eth https://github.com/qualcomm-linux/kernel-topics.git tech/net/eth
Updating tech/net/eth
Adding remote tech/net/rmnet https://github.com/qualcomm-linux/kernel-topics.git tech/net/rmnet
Updating tech/net/rmnet
Adding remote tech/net/qrtr https://github.com/qualcomm-linux/kernel-topics.git tech/net/qrtr
Updating tech/net/qrtr
Adding remote tech/net/phy https://github.com/qualcomm-linux/kernel-topics.git tech/net/phy
Updating tech/net/phy
Adding remote tech/net/bluetooth https://github.com/qualcomm-linux/kernel-topics.git tech/net/bluetooth
Updating tech/net/bluetooth
Adding remote tech/pm/opp https://github.com/qualcomm-linux/kernel-topics.git tech/pm/opp
Updating tech/pm/opp
Adding remote tech/pm/pmdomain https://github.com/qualcomm-linux/kernel-topics.git tech/pm/pmdomain
Updating tech/pm/pmdomain
Adding remote tech/pm/power https://github.com/qualcomm-linux/kernel-topics.git tech/pm/power
Updating tech/pm/power
Adding remote tech/pm/thermal https://github.com/qualcomm-linux/kernel-topics.git tech/pm/thermal
Updating tech/pm/thermal
Adding remote tech/security/crypto https://github.com/qualcomm-linux/kernel-topics.git tech/security/crypto
Updating tech/security/crypto
Adding remote tech/security/fscrypt https://github.com/qualcomm-linux/kernel-topics.git tech/security/fscrypt
Updating tech/security/fscrypt
Adding remote tech/security/ice https://github.com/qualcomm-linux/kernel-topics.git tech/security/ice
Updating tech/security/ice
Adding remote tech/storage/nvmem https://github.com/qualcomm-linux/kernel-topics.git tech/storage/nvmem
Updating tech/storage/nvmem
Adding remote tech/storage/phy https://github.com/qualcomm-linux/kernel-topics.git tech/storage/phy
Updating tech/storage/phy
Adding remote tech/storage/all https://github.com/qualcomm-linux/kernel-topics.git tech/storage/all
Updating tech/storage/all
Adding remote tech/virt/gunyah https://github.com/qualcomm-linux/kernel-topics.git tech/virt/gunyah
Updating tech/virt/gunyah
Adding remote tech/all/dt/qcs6490 https://github.com/qualcomm-linux/kernel-topics.git tech/all/dt/qcs6490
Updating tech/all/dt/qcs6490
Adding remote tech/all/dt/qcs9100 https://github.com/qualcomm-linux/kernel-topics.git tech/all/dt/qcs9100
Updating tech/all/dt/qcs9100
Adding remote tech/all/dt/qcs8300 https://github.com/qualcomm-linux/kernel-topics.git tech/all/dt/qcs8300
Updating tech/all/dt/qcs8300
Adding remote tech/all/dt/qcs615 https://github.com/qualcomm-linux/kernel-topics.git tech/all/dt/qcs615
Updating tech/all/dt/qcs615
Adding remote tech/all/dt/hamoa https://github.com/qualcomm-linux/kernel-topics.git tech/all/dt/hamoa
Updating tech/all/dt/hamoa
Adding remote tech/all/dt/glymur https://github.com/qualcomm-linux/kernel-topics.git tech/all/dt/glymur
Updating tech/all/dt/glymur
Adding remote tech/all/dt/kaanapali https://github.com/qualcomm-linux/kernel-topics.git tech/all/dt/kaanapali
Updating tech/all/dt/kaanapali
Adding remote tech/all/config https://github.com/qualcomm-linux/kernel-topics.git tech/all/config
Updating tech/all/config
Adding remote tech/overlay/dt https://github.com/qualcomm-linux/kernel-topics.git tech/overlay/dt
Updating tech/overlay/dt
Adding remote tech/all/workaround https://github.com/qualcomm-linux/kernel-topics.git tech/all/workaround
Updating tech/all/workaround
Done, added 64 new remote(s).
Updating the remotes ...
Updating tech/bsp/clk
Updating tech/bsp/interconnect
Updating tech/mem/secure-buffer
Updating tech/security/firmware-smc
Updating tech/bsp/soc-infra
Updating tech/debug/soc
Updating tech/bsp/pinctrl
Updating tech/bsp/remoteproc
Updating tech/bus/peripherals
Updating tech/bus/pci/all
Updating tech/bus/pci/mhi
Updating tech/bus/pci/phy
Updating tech/bus/pci/pwrctl
Updating tech/bus/usb/dwc
Updating tech/bus/usb/gadget
Updating tech/bus/usb/phy
Updating tech/debug/eud
Updating tech/debug/hwtracing
Updating tech/debug/rdbg
Updating tech/pmic/backlight
Updating tech/pmic/mfd
Updating tech/pmic/misc
Updating tech/pmic/regulator
Updating tech/pmic/supply
Updating tech/mem/dma-buf
Updating tech/mem/iommu
Updating tech/mm/audio/all
Updating tech/mm/audio/soundwire
Updating tech/mm/camss
Updating tech/mm/drm
Updating tech/mm/fastrpc
Updating tech/mm/phy
Updating tech/mm/video
Updating tech/mm/gpu
Updating tech/mproc/rpmsg
Updating tech/mproc/qmi
Updating tech/net/ath
Updating tech/net/eth
Updating tech/net/rmnet
Updating tech/net/qrtr
Updating tech/net/phy
Updating tech/net/bluetooth
Updating tech/pm/opp
Updating tech/pm/pmdomain
Updating tech/pm/power
Updating tech/pm/thermal
Updating tech/security/crypto
Updating tech/security/fscrypt
Updating tech/security/ice
Updating tech/storage/nvmem
Updating tech/storage/phy
Updating tech/storage/all
Updating tech/virt/gunyah
Updating tech/all/dt/qcs6490
Updating tech/all/dt/qcs9100
Updating tech/all/dt/qcs8300
Updating tech/all/dt/qcs615
Updating tech/all/dt/hamoa
Updating tech/all/dt/glymur
Updating tech/all/dt/kaanapali
Updating tech/all/config
Updating tech/overlay/dt
Updating tech/all/workaround
Done, updated 0 remote(s).
Updating baseline ...
Fetching baseline
latest tag/id is dcb6fa37fd7bc9c3d2b066329b0d27dedf8becaa
Done, updated baseline.
Latest tag is dcb6fa37fd7bc9c3d2b066329b0d27dedf8becaa
Create a new integration branch based on dcb6fa37fd7bc9c3d2b066329b0d27dedf8becaa
Merging topic branches...
------------------------------------------
 ** Merging topic branch: tech/bsp/clk/tech/bsp/clk
Nothing to merge: Already up to date.
------------------------------------------
 ** Merging topic branch: tech/bsp/interconnect/tech/bsp/interconnect
Nothing to merge: Already up to date.
------------------------------------------
 ** Merging topic branch: tech/mem/secure-buffer/tech/mem/secure-buffer
Nothing to merge: Already up to date.
------------------------------------------
 ** Merging topic branch: tech/security/firmware-smc/tech/security/firmware-smc
Nothing to merge: Already up to date.
------------------------------------------
 ** Merging topic branch: tech/bsp/soc-infra/tech/bsp/soc-infra
Merge successful : tech/bsp/soc-infra : fb9893554a5c226bb918e2f83339d801ca0ea3dc : 2
------------------------------------------
 ** Merging topic branch: tech/debug/soc/tech/debug/soc
Nothing to merge: Already up to date.
------------------------------------------
 ** Merging topic branch: tech/bsp/pinctrl/tech/bsp/pinctrl
Merge successful : tech/bsp/pinctrl : 31abea7a984df4610a317583f037b5d32479a33a : 1
------------------------------------------
 ** Merging topic branch: tech/bsp/remoteproc/tech/bsp/remoteproc
Merge successful : tech/bsp/remoteproc : 806913442c1fd5fc6195a904f574a334df280b80 : 12
------------------------------------------
 ** Merging topic branch: tech/bus/peripherals/tech/bus/peripherals
Nothing to merge: Already up to date.
------------------------------------------
 ** Merging topic branch: tech/bus/pci/all/tech/bus/pci/all
Merge successful : tech/bus/pci/all : c26b0ea4cb7b25554d943449bb45a0d1c6bf7ac5 : 1
------------------------------------------
 ** Merging topic branch: tech/bus/pci/mhi/tech/bus/pci/mhi
Nothing to merge: Already up to date.
------------------------------------------
 ** Merging topic branch: tech/bus/pci/phy/tech/bus/pci/phy
Nothing to merge: Already up to date.
------------------------------------------
 ** Merging topic branch: tech/bus/pci/pwrctl/tech/bus/pci/pwrctl
Merge successful : tech/bus/pci/pwrctl : c36944ebc50ed5d40b3c550cbe5792b93c32dc27 : 7
------------------------------------------
 ** Merging topic branch: tech/bus/usb/dwc/tech/bus/usb/dwc
Nothing to merge: Already up to date.
------------------------------------------
 ** Merging topic branch: tech/bus/usb/gadget/tech/bus/usb/gadget
Nothing to merge: Already up to date.
------------------------------------------
 ** Merging topic branch: tech/bus/usb/phy/tech/bus/usb/phy
Nothing to merge: Already up to date.
------------------------------------------
 ** Merging topic branch: tech/debug/eud/tech/debug/eud
Merge successful : tech/debug/eud : eb36d9dbce445b0a2032775a5668ba02dd4b67cb : 1
------------------------------------------
 ** Merging topic branch: tech/debug/hwtracing/tech/debug/hwtracing
Merge successful : tech/debug/hwtracing : c659328be9399dd9656ab1176deb93e73bf81189 : 24
------------------------------------------
 ** Merging topic branch: tech/debug/rdbg/tech/debug/rdbg
Nothing to merge: Already up to date.
------------------------------------------
 ** Merging topic branch: tech/pmic/backlight/tech/pmic/backlight
Nothing to merge: Already up to date.
------------------------------------------
 ** Merging topic branch: tech/pmic/mfd/tech/pmic/mfd
Nothing to merge: Already up to date.
------------------------------------------
 ** Merging topic branch: tech/pmic/misc/tech/pmic/misc
Nothing to merge: Already up to date.
------------------------------------------
 ** Merging topic branch: tech/pmic/regulator/tech/pmic/regulator
Nothing to merge: Already up to date.
------------------------------------------
 ** Merging topic branch: tech/pmic/supply/tech/pmic/supply
Nothing to merge: Already up to date.
------------------------------------------
 ** Merging topic branch: tech/mem/dma-buf/tech/mem/dma-buf
Nothing to merge: Already up to date.
------------------------------------------
 ** Merging topic branch: tech/mem/iommu/tech/mem/iommu
Nothing to merge: Already up to date.
------------------------------------------
 ** Merging topic branch: tech/mm/audio/all/tech/mm/audio/all
Merge successful : tech/mm/audio/all : 553419127a35c4d857a1d9a6fe68c2b4d23cac48 : 2
------------------------------------------
 ** Merging topic branch: tech/mm/audio/soundwire/tech/mm/audio/soundwire
Nothing to merge: Already up to date.
------------------------------------------
 ** Merging topic branch: tech/mm/camss/tech/mm/camss
Merge successful : tech/mm/camss : aefdaf1da39e9d68b4e448f08efe09ba1a4b3289 : 2
------------------------------------------
 ** Merging topic branch: tech/mm/drm/tech/mm/drm
Merge successful : tech/mm/drm : 878843a076af2ce2343c4e321eeb0d4b60c339a3 : 9
------------------------------------------
 ** Merging topic branch: tech/mm/fastrpc/tech/mm/fastrpc
Merge successful : tech/mm/fastrpc : dba4eb255febb4cc38d2e340978c58f8f21ff6cc : 3
------------------------------------------
 ** Merging topic branch: tech/mm/phy/tech/mm/phy
Nothing to merge: Already up to date.
------------------------------------------
 ** Merging topic branch: tech/mm/video/tech/mm/video
Nothing to merge: Already up to date.
------------------------------------------
 ** Merging topic branch: tech/mm/gpu/tech/mm/gpu
Merge successful : tech/mm/gpu : d62e8b28f3b8c7e87ab229c558fd205288fa8497 : 5
------------------------------------------
 ** Merging topic branch: tech/mproc/rpmsg/tech/mproc/rpmsg
Nothing to merge: Already up to date.
------------------------------------------
 ** Merging topic branch: tech/mproc/qmi/tech/mproc/qmi
Nothing to merge: Already up to date.
------------------------------------------
 ** Merging topic branch: tech/net/ath/tech/net/ath
Nothing to merge: Already up to date.
------------------------------------------
 ** Merging topic branch: tech/net/eth/tech/net/eth
Nothing to merge: Already up to date.
------------------------------------------
 ** Merging topic branch: tech/net/rmnet/tech/net/rmnet
Nothing to merge: Already up to date.
------------------------------------------
 ** Merging topic branch: tech/net/qrtr/tech/net/qrtr
Nothing to merge: Already up to date.
------------------------------------------
 ** Merging topic branch: tech/net/phy/tech/net/phy
Nothing to merge: Already up to date.
------------------------------------------
 ** Merging topic branch: tech/net/bluetooth/tech/net/bluetooth
Merge successful : tech/net/bluetooth : b5902f2daf61ad3eed61a9fbf3d75ba3748cf53e : 2
------------------------------------------
 ** Merging topic branch: tech/pm/opp/tech/pm/opp
Nothing to merge: Already up to date.
------------------------------------------
 ** Merging topic branch: tech/pm/pmdomain/tech/pm/pmdomain
Nothing to merge: Already up to date.
------------------------------------------
 ** Merging topic branch: tech/pm/power/tech/pm/power
Merge successful : tech/pm/power : dbdf5492a4e4b90f6777946d17917475f8e8e081 : 6
------------------------------------------
 ** Merging topic branch: tech/pm/thermal/tech/pm/thermal
Nothing to merge: Already up to date.
------------------------------------------
 ** Merging topic branch: tech/security/crypto/tech/security/crypto
Nothing to merge: Already up to date.
------------------------------------------
 ** Merging topic branch: tech/security/fscrypt/tech/security/fscrypt
Nothing to merge: Already up to date.
------------------------------------------
 ** Merging topic branch: tech/security/ice/tech/security/ice
Merge successful : tech/security/ice : 9a1a01d93933c1a68f51c904fc0c4a3d3a0aa865 : 1
------------------------------------------
 ** Merging topic branch: tech/storage/nvmem/tech/storage/nvmem
Nothing to merge: Already up to date.
------------------------------------------
 ** Merging topic branch: tech/storage/phy/tech/storage/phy
Nothing to merge: Already up to date.
------------------------------------------
 ** Merging topic branch: tech/storage/all/tech/storage/all
Nothing to merge: Already up to date.
------------------------------------------
 ** Merging topic branch: tech/virt/gunyah/tech/virt/gunyah
Nothing to merge: Already up to date.
------------------------------------------
 ** Merging topic branch: tech/all/dt/qcs6490/tech/all/dt/qcs6490
Merge successful : tech/all/dt/qcs6490 : 0920c03e1cd9216cd256234adf845c0b71811630 : 5
------------------------------------------
 ** Merging topic branch: tech/all/dt/qcs9100/tech/all/dt/qcs9100
Merge successful : tech/all/dt/qcs9100 : 7cd17f093a050dcb686600f1fbcb3dd5aba9df00 : 9
------------------------------------------
 ** Merging topic branch: tech/all/dt/qcs8300/tech/all/dt/qcs8300
Merge successful : tech/all/dt/qcs8300 : e79281bf1d56da63f0f9d19b0ac35352096ac6e9 : 11
------------------------------------------
 ** Merging topic branch: tech/all/dt/qcs615/tech/all/dt/qcs615
Merge successful : tech/all/dt/qcs615 : b879f8a11b8ec146249e66e98499769873d5711b : 4
------------------------------------------
 ** Merging topic branch: tech/all/dt/hamoa/tech/all/dt/hamoa
Merge successful : tech/all/dt/hamoa : bbb68c2827c1c198d8d4f227fbfc4b5c7a25f92a : 1
------------------------------------------
 ** Merging topic branch: tech/all/dt/glymur/tech/all/dt/glymur
Nothing to merge: Already up to date.
------------------------------------------
 ** Merging topic branch: tech/all/dt/kaanapali/tech/all/dt/kaanapali
Nothing to merge: Already up to date.
------------------------------------------
 ** Merging topic branch: tech/all/config/tech/all/config
Merge successful : tech/all/config : d39f17efd819d16649caa1a6359c140b30f15cc7 : 6
------------------------------------------
 ** Merging topic branch: tech/overlay/dt/tech/overlay/dt
[qcom-next b7b91395dc2d] Merge remote-tracking branch tech/overlay/dt into qcom-next
Merge successful : tech/overlay/dt : e5afe759f9914670fd7e10a7370f8313fbfbcaf8 : 4
------------------------------------------
 ** Merging topic branch: tech/all/workaround/tech/all/workaround
Merge successful : tech/all/workaround : bb23402234272b93a0fbb464438e828308d8f91c : 1
Done, merged 23 topic(s).
[main 2e5ec33] New rr-cache entries from ci-merge
 1 file changed, 410 insertions(+)
 create mode 100644 rr-cache/9909629b21202321dc810a5e81606742dc9ea5ab/thisimage.1
